<?xml version="1.0" encoding="UTF-8"?>
<!-- Generated by org.testng.reporters.JUnitReportReporter -->
<testsuite hostname="LAPTOP-J8ATVK14" failures="0" tests="5" name="api.tests.PetTests" time="9.288" errors="0" timestamp="2025-02-26T14:21:40 IST" skipped="0">
  <testcase classname="api.tests.PetTests" name="testCreateUser" time="3.114"/>
  <system-out/>
  <testcase classname="api.tests.PetTests" name="testDisplayPet" time="1.573"/>
  <system-out/>
  <testcase classname="api.tests.PetTests" name="testUpdatePet" time="1.533"/>
  <system-out/>
  <testcase classname="api.tests.PetTests" name="testDeletePet" time="1.530"/>
  <system-out/>
  <testcase classname="api.tests.PetTests" name="testDisplayPetafterDelete" time="1.538"/>
  <system-out/>
</testsuite> <!-- api.tests.PetTests -->
