<?xml version="1.0" encoding="UTF-8"?>
<!-- Generated by org.testng.reporters.JUnitReportReporter -->
<testsuite hostname="LAPTOP-J8ATVK14" failures="0" tests="9" name="api.tests.DD_UserTest" time="11.178" errors="0" timestamp="2025-02-24T09:48:14 IST" skipped="0">
  <testcase classname="api.tests.DD_UserTest" name="testPostUser" time="1.083"/>
  <system-out/>
  <testcase classname="api.tests.DD_UserTest" name="testPostUser" time="1.084"/>
  <system-out/>
  <testcase classname="api.tests.DD_UserTest" name="testPostUser" time="2.472"/>
  <system-out/>
  <testcase classname="api.tests.DD_UserTest" name="testReadUser" time="1.097"/>
  <system-out/>
  <testcase classname="api.tests.DD_UserTest" name="testReadUser" time="1.081"/>
  <system-out/>
  <testcase classname="api.tests.DD_UserTest" name="testReadUser" time="1.118"/>
  <system-out/>
  <testcase classname="api.tests.DD_UserTest" name="testDeleteUser" time="1.083"/>
  <system-out/>
  <testcase classname="api.tests.DD_UserTest" name="testDeleteUser" time="1.085"/>
  <system-out/>
  <testcase classname="api.tests.DD_UserTest" name="testDeleteUser" time="1.075"/>
  <system-out/>
</testsuite> <!-- api.tests.DD_UserTest -->
