<?xml version="1.0" encoding="UTF-8"?>
<!-- Generated by org.testng.reporters.JUnitReportReporter -->
<testsuite hostname="LAPTOP-J8ATVK14" failures="0" tests="4" name="Day1.HTTPRequest" time="3.142" errors="0" timestamp="2025-02-17T11:56:50 IST" skipped="0">
  <testcase classname="Day1.HTTPRequest" name="getUsers" time="1.890"/>
  <system-out/>
  <testcase classname="Day1.HTTPRequest" name="createUser" time="0.598"/>
  <system-out/>
  <testcase classname="Day1.HTTPRequest" name="updateUser" time="0.328"/>
  <system-out/>
  <testcase classname="Day1.HTTPRequest" name="deleteUser" time="0.326"/>
  <system-out/>
</testsuite> <!-- Day1.HTTPRequest -->
