<?xml version="1.0" encoding="UTF-8"?>
<!-- Generated by org.testng.reporters.JUnitReportReporter -->
<testsuite hostname="LAPTOP-J8ATVK14" failures="0" tests="9" name="api.tests.DD_PetTest" time="13.652" errors="0" timestamp="2025-02-26T14:21:40 IST" skipped="0">
  <testcase classname="api.tests.DD_PetTest" name="testPostUser" time="1.489"/>
  <system-out/>
  <testcase classname="api.tests.DD_PetTest" name="testPostUser" time="1.342"/>
  <system-out/>
  <testcase classname="api.tests.DD_PetTest" name="testPostUser" time="1.678"/>
  <system-out/>
  <testcase classname="api.tests.DD_PetTest" name="get_Pet" time="1.531"/>
  <system-out/>
  <testcase classname="api.tests.DD_PetTest" name="get_Pet" time="1.534"/>
  <system-out/>
  <testcase classname="api.tests.DD_PetTest" name="get_Pet" time="1.534"/>
  <system-out/>
  <testcase classname="api.tests.DD_PetTest" name="delete_Pet" time="1.534"/>
  <system-out/>
  <testcase classname="api.tests.DD_PetTest" name="delete_Pet" time="1.475"/>
  <system-out/>
  <testcase classname="api.tests.DD_PetTest" name="delete_Pet" time="1.535"/>
  <system-out/>
</testsuite> <!-- api.tests.DD_PetTest -->
