<?xml version="1.0" encoding="UTF-8"?>
<!-- Generated by org.testng.reporters.JUnitReportReporter -->
<testsuite hostname="LAPTOP-J8ATVK14" failures="0" tests="5" name="api.tests.UserTests" time="6.720" errors="0" timestamp="2025-02-24T09:51:14 IST" skipped="0">
  <testcase classname="api.tests.UserTests" name="testCreateUser" time="2.527"/>
  <system-out/>
  <testcase classname="api.tests.UserTests" name="testReadUser" time="0.888"/>
  <system-out/>
  <testcase classname="api.tests.UserTests" name="testUpdateUser" time="1.094"/>
  <system-out/>
  <testcase classname="api.tests.UserTests" name="testReadUpdatedUser" time="1.084"/>
  <system-out/>
  <testcase classname="api.tests.UserTests" name="testDeleteUser" time="1.127"/>
  <system-out/>
</testsuite> <!-- api.tests.UserTests -->
