<?xml version="1.0" encoding="UTF-8"?>
<!-- Generated by org.testng.reporters.JUnitReportReporter -->
<testsuite hostname="LAPTOP-J8ATVK14" failures="0" tests="9" name="api.tests.DD_UserTest" time="13.243" errors="0" timestamp="2025-02-26T14:21:40 IST" skipped="0">
  <testcase classname="api.tests.DD_UserTest" name="testPostUser" time="1.430"/>
  <system-out/>
  <testcase classname="api.tests.DD_UserTest" name="testPostUser" time="1.430"/>
  <system-out/>
  <testcase classname="api.tests.DD_UserTest" name="testPostUser" time="1.492"/>
  <system-out/>
  <testcase classname="api.tests.DD_UserTest" name="testReadUser" time="1.380"/>
  <system-out/>
  <testcase classname="api.tests.DD_UserTest" name="testReadUser" time="1.433"/>
  <system-out/>
  <testcase classname="api.tests.DD_UserTest" name="testReadUser" time="1.537"/>
  <system-out/>
  <testcase classname="api.tests.DD_UserTest" name="testDeleteUser" time="1.533"/>
  <system-out/>
  <testcase classname="api.tests.DD_UserTest" name="testDeleteUser" time="1.535"/>
  <system-out/>
  <testcase classname="api.tests.DD_UserTest" name="testDeleteUser" time="1.473"/>
  <system-out/>
</testsuite> <!-- api.tests.DD_UserTest -->
