<?xml version="1.0" encoding="UTF-8"?>
<!-- Generated by org.testng.reporters.JUnitReportReporter -->
<testsuite hostname="LAPTOP-J8ATVK14" failures="0" tests="5" name="api.tests.UserTests2" time="7.321" errors="0" timestamp="2025-02-24T08:54:54 IST" skipped="0">
  <testcase classname="api.tests.UserTests2" name="testCreateUser" time="1.396"/>
  <system-out/>
  <testcase classname="api.tests.UserTests2" name="testReadUser" time="1.327"/>
  <system-out/>
  <testcase classname="api.tests.UserTests2" name="testUpdateUser" time="1.532"/>
  <system-out/>
  <testcase classname="api.tests.UserTests2" name="testReadUpdatedUser" time="1.532"/>
  <system-out/>
  <testcase classname="api.tests.UserTests2" name="testDeleteUser" time="1.534"/>
  <system-out/>
</testsuite> <!-- api.tests.UserTests2 -->
