<?xml version="1.0" encoding="UTF-8"?>
<!-- Generated by org.testng.reporters.JUnitReportReporter -->
<testsuite hostname="LAPTOP-J8ATVK14" failures="0" tests="5" name="api.tests.UserTests" time="7.164" errors="0" timestamp="2025-02-26T14:21:40 IST" skipped="0">
  <testcase classname="api.tests.UserTests" name="testCreateUser" time="1.340"/>
  <system-out/>
  <testcase classname="api.tests.UserTests" name="testReadUser" time="1.429"/>
  <system-out/>
  <testcase classname="api.tests.UserTests" name="testUpdateUser" time="1.434"/>
  <system-out/>
  <testcase classname="api.tests.UserTests" name="testReadUpdatedUser" time="1.534"/>
  <system-out/>
  <testcase classname="api.tests.UserTests" name="testDeleteUser" time="1.427"/>
  <system-out/>
</testsuite> <!-- api.tests.UserTests -->
